This is pdfTeX, Version 3.1415926-1.40.10 (TeX Live 2009/Debian) (format=pdflatex 2012.10.23)  24 OCT 2012 01:42
entering extended mode
 %&-line parsing enabled.
**przykladowe_sprawozdanie.tex
(./przykladowe_sprawozdanie.tex
LaTeX2e <2009/09/24>
Babel <v3.8l> and hyphenation patterns for english, usenglishmax, dumylang, noh
yphenation, polish, loaded.
(/usr/share/texmf-texlive/tex/latex/base/article.cls
Document Class: article 2007/10/19 v1.4h Standard LaTeX document class
(/usr/share/texmf-texlive/tex/latex/base/leqno.clo
File: leqno.clo 1998/08/17 v1.1c Standard LaTeX option (left equation numbers)
)
(/usr/share/texmf-texlive/tex/latex/base/size11.clo
File: size11.clo 2007/10/19 v1.4h Standard LaTeX file (size option)
)
\c@part=\count79
\c@section=\count80
\c@subsection=\count81
\c@subsubsection=\count82
\c@paragraph=\count83
\c@subparagraph=\count84
\c@figure=\count85
\c@table=\count86
\abovecaptionskip=\skip41
\belowcaptionskip=\skip42
\bibindent=\dimen102
)
(/usr/share/texmf-texlive/tex/latex/base/inputenc.sty
Package: inputenc 2008/03/30 v1.1d Input encoding file
\inpenc@prehook=\toks14
\inpenc@posthook=\toks15

(/usr/share/texmf-texlive/tex/latex/base/cp1250.def
File: cp1250.def 2008/03/30 v1.1d Input encoding file
))
(/usr/share/texmf-texlive/tex/latex/base/fontenc.sty
Package: fontenc 2005/09/27 v1.99g Standard LaTeX package

(/usr/share/texmf-texlive/tex/latex/base/ot4enc.def
File: ot4enc.def 2005/09/27 v1.99g Standard LaTeX file
)
LaTeX Font Info:    Try loading font information for OT4+cmr on input line 100.


(/usr/share/texmf-texlive/tex/latex/polski/ot4cmr.fd
File: ot4cmr.fd 2008/02/24 v1.2.1 Font defs for fonts PL (MW)
))
(/usr/share/texmf-texlive/tex/generic/babel/babel.sty
Package: babel 2008/07/06 v3.8l The Babel package

(/usr/share/texmf-texlive/tex/generic/babel/polish.ldf
Language: polish 2005/03/31 v1.2l Polish support from the babel system

(/usr/share/texmf-texlive/tex/generic/babel/babel.def
File: babel.def 2008/07/06 v3.8l Babel common definitions
\babel@savecnt=\count87
\U@D=\dimen103
)
Package babel Info: Making " an active character on input line 83.
\pl@left=\dimen104
\pl@down=\dimen105
\pl@right=\dimen106
\pl@temp=\dimen107
))
(/usr/share/texmf-texlive/tex/latex/ltxmisc/a4wide.sty
Package: a4wide 1994/08/30

(/usr/share/texmf-texlive/tex/latex/ntgclass/a4.sty
Package: a4 2004/04/15 v1.2g A4 based page layout
))
(/usr/share/texmf-texlive/tex/latex/amsfonts/amsfonts.sty
Package: amsfonts 2009/06/22 v3.00 Basic AMSFonts support
\@emptytoks=\toks16
\symAMSa=\mathgroup4
\symAMSb=\mathgroup5
LaTeX Font Info:    Overwriting math alphabet `\mathfrak' in version `bold'
(Font)                  U/euf/m/n --> U/euf/b/n on input line 96.
)
(/usr/share/texmf-texlive/tex/latex/graphics/graphicx.sty
Package: graphicx 1999/02/16 v1.0f Enhanced LaTeX Graphics (DPC,SPQR)

(/usr/share/texmf-texlive/tex/latex/graphics/keyval.sty
Package: keyval 1999/03/16 v1.13 key=value parser (DPC)
\KV@toks@=\toks17
)
(/usr/share/texmf-texlive/tex/latex/graphics/graphics.sty
Package: graphics 2009/02/05 v1.0o Standard LaTeX Graphics (DPC,SPQR)

(/usr/share/texmf-texlive/tex/latex/graphics/trig.sty
Package: trig 1999/03/16 v1.09 sin cos tan (DPC)
)
(/etc/texmf/tex/latex/config/graphics.cfg
File: graphics.cfg 2009/08/28 v1.8 graphics configuration of TeX Live
)
Package graphics Info: Driver file: pdftex.def on input line 91.

(/usr/share/texmf-texlive/tex/latex/pdftex-def/pdftex.def
File: pdftex.def 2010/03/12 v0.04p Graphics/color for pdfTeX
\Gread@gobject=\count88
))
\Gin@req@height=\dimen108
\Gin@req@width=\dimen109
)
(/usr/share/texmf-texlive/tex/latex/caption/caption.sty
Package: caption 2009/10/09 v3.1k Customizing captions (AR)

(/usr/share/texmf-texlive/tex/latex/caption/caption3.sty
Package: caption3 2009/10/09 v3.1k caption3 kernel (AR)
\captionmargin=\dimen110
\captionmargin@=\dimen111
\captionwidth=\dimen112
\caption@indent=\dimen113
\caption@parindent=\dimen114
\caption@hangindent=\dimen115
)
\c@ContinuedFloat=\count89
)
(/usr/share/texmf-texlive/tex/latex/tools/bm.sty
Package: bm 2004/02/26 v1.1c Bold Symbol Support (DPC/FMi)
\symboldoperators=\mathgroup6
\symboldletters=\mathgroup7
\symboldsymbols=\mathgroup8
LaTeX Font Info:    Redeclaring math alphabet \mathbf on input line 138.
LaTeX Info: Redefining \bm on input line 204.
)
(./przykladowe_sprawozdanie.aux)
\openout1 = `przykladowe_sprawozdanie.aux'.

LaTeX Font Info:    Checking defaults for OML/cmm/m/it on input line 70.
LaTeX Font Info:    ... okay on input line 70.
LaTeX Font Info:    Checking defaults for T1/cmr/m/n on input line 70.
LaTeX Font Info:    ... okay on input line 70.
LaTeX Font Info:    Checking defaults for OT1/cmr/m/n on input line 70.
LaTeX Font Info:    ... okay on input line 70.
LaTeX Font Info:    Checking defaults for OMS/cmsy/m/n on input line 70.
LaTeX Font Info:    ... okay on input line 70.
LaTeX Font Info:    Checking defaults for OMX/cmex/m/n on input line 70.
LaTeX Font Info:    ... okay on input line 70.
LaTeX Font Info:    Checking defaults for U/cmr/m/n on input line 70.
LaTeX Font Info:    ... okay on input line 70.
LaTeX Font Info:    Checking defaults for OT4/cmr/m/n on input line 70.
LaTeX Font Info:    ... okay on input line 70.

(/usr/share/texmf-texlive/tex/context/base/supp-pdf.mkii
[Loading MPS to PDF converter (version 2006.09.02).]
\scratchcounter=\count90
\scratchdimen=\dimen116
\scratchbox=\box26
\nofMPsegments=\count91
\nofMParguments=\count92
\everyMPshowfont=\toks18
\MPscratchCnt=\count93
\MPscratchDim=\dimen117
\MPnumerator=\count94
\everyMPtoPDFconversion=\toks19
)
Package caption Info: Begin \AtBeginDocument code.
Package caption Info: End \AtBeginDocument code.
LaTeX Font Info:    Try loading font information for U+msa on input line 72.
 (/usr/share/texmf-texlive/tex/latex/amsfonts/umsa.fd
File: umsa.fd 2009/06/22 v3.00 AMS symbols A
)
LaTeX Font Info:    Try loading font information for U+msb on input line 72.

(/usr/share/texmf-texlive/tex/latex/amsfonts/umsb.fd
File: umsb.fd 2009/06/22 v3.00 AMS symbols B
)
LaTeX Font Info:    Try loading font information for OT4+cmtt on input line 72.


(/usr/share/texmf-texlive/tex/latex/polski/ot4cmtt.fd
File: ot4cmtt.fd 2008/02/24 v1.2.1 Font defs for fonts PL (MW)
)
LaTeX Font Info:    Try loading font information for OT4+cmss on input line 72.


(/usr/share/texmf-texlive/tex/latex/polski/ot4cmss.fd
File: ot4cmss.fd 2008/02/24 v1.2.1 Font defs for fonts PL (MW)
)
Underfull \hbox (badness 10000) in paragraph at lines 72--72

 []

LaTeX Font Info:    Try loading font information for OMS+cmr on input line 101.

(/usr/share/texmf-texlive/tex/latex/base/omscmr.fd
File: omscmr.fd 1999/05/25 v2.5h Standard LaTeX font definitions
)
LaTeX Font Info:    Font shape `OMS/cmr/m/n' in size <10.95> not available
(Font)              Font shape `OMS/cmsy/m/n' tried instead on input line 101.
 [1

{/var/lib/texmf/fonts/map/pdftex/updmap/pdftex.map}] [2] <wyk1.pdf, id=27, 845.
1575pt x 597.23125pt>
File: wyk1.pdf Graphic file (type pdf)

<use wyk1.pdf>
Overfull \hbox (3.69685pt too wide) in paragraph at lines 246--249
[]  []
 []

[3 <./wyk1.pdf, page is rotated 90 degrees>]
<wyk2.pdf, id=34, 845.1575pt x 597.23125pt>
File: wyk2.pdf Graphic file (type pdf)
 <use wyk2.pdf>
<wyk3.pdf, id=35, 845.1575pt x 597.23125pt>
File: wyk3.pdf Graphic file (type pdf)
 <use wyk3.pdf>
Overfull \hbox (108.2879pt too wide) in paragraph at lines 309--313
[]  []
 []


LaTeX Warning: `!h' float specifier changed to `!ht'.

[4 <./wyk2.pdf, page is rotated 90 degrees>]
<wyk4.pdf, id=42, 845.1575pt x 597.23125pt>
File: wyk4.pdf Graphic file (type pdf)
 <use wyk4.pdf>
Overfull \hbox (66.44633pt too wide) in paragraph at lines 337--340
[]  []
 []

[5 <./wyk3.pdf, page is rotated 90 degrees>] [6 <./wyk4.pdf, page is rotated 90
 degrees>] <wyk5.pdf, id=55, 845.1575pt x 597.23125pt>
File: wyk5.pdf Graphic file (type pdf)
 <use wyk5.pdf>
Overfull \hbox (66.44633pt too wide) in paragraph at lines 457--460
[]  []
 []

[7] [8 <./wyk5.pdf, page is rotated 90 degrees>]
(./przykladowe_sprawozdanie.aux) ) 
Here is how much of TeX's memory you used:
 2918 strings out of 495026
 40680 string characters out of 1181801
 109349 words of memory out of 3000000
 6036 multiletter control sequences out of 15000+50000
 26140 words of font info for 83 fonts, out of 3000000 for 9000
 48 hyphenation exceptions out of 8191
 36i,14n,38p,278b,440s stack positions out of 5000i,500n,10000p,200000b,50000s
{/usr/share/texmf-texlive/fonts/enc/dvips/pl/
plit.enc}{/usr/share/texmf-texlive/fonts/enc/dvips/pl/plrm.enc}{/usr/share/texm
f-texlive/fonts/enc/dvips/pl/plsc.enc}{/usr/share/texmf-texlive/fonts/enc/dvips
/pl/pltt.enc}</usr/share/texmf-texlive/fonts/type1/public/amsfonts/cm/cmbx10.pf
b></usr/share/texmf-texlive/fonts/type1/public/amsfonts/cm/cmex10.pfb></usr/sha
re/texmf-texlive/fonts/type1/public/amsfonts/cm/cmmi10.pfb></usr/share/texmf-te
xlive/fonts/type1/public/amsfonts/cm/cmmi8.pfb></usr/share/texmf-texlive/fonts/
type1/public/amsfonts/cm/cmmib10.pfb></usr/share/texmf-texlive/fonts/type1/publ
ic/amsfonts/cm/cmr10.pfb></usr/share/texmf-texlive/fonts/type1/public/amsfonts/
cm/cmr8.pfb></usr/share/texmf-texlive/fonts/type1/public/amsfonts/cm/cmsy10.pfb
></usr/share/texmf-texlive/fonts/type1/public/amsfonts/cm/cmsy6.pfb></usr/share
/texmf-texlive/fonts/type1/public/amsfonts/cm/cmsy8.pfb></usr/share/texmf-texli
ve/fonts/type1/public/amsfonts/symbols/msbm10.pfb></usr/share/texmf-texlive/fon
ts/type1/public/pl/plbx12.pfb></usr/share/texmf-texlive/fonts/type1/public/pl/p
lcsc10.pfb></usr/share/texmf-texlive/fonts/type1/public/pl/plr10.pfb></usr/shar
e/texmf-texlive/fonts/type1/public/pl/plr12.pfb></usr/share/texmf-texlive/fonts
/type1/public/pl/plss10.pfb></usr/share/texmf-texlive/fonts/type1/public/pl/pls
s8.pfb></usr/share/texmf-texlive/fonts/type1/public/pl/plss9.pfb></usr/share/te
xmf-texlive/fonts/type1/public/pl/plssbx10.pfb></usr/share/texmf-texlive/fonts/
type1/public/pl/plti10.pfb></usr/share/texmf-texlive/fonts/type1/public/pl/plti
9.pfb></usr/share/texmf-texlive/fonts/type1/public/pl/pltt10.pfb></usr/share/te
xmf-texlive/fonts/type1/public/pl/pltt9.pfb>
Output written on przykladowe_sprawozdanie.pdf (8 pages, 247509 bytes).
PDF statistics:
 141 PDF objects out of 1000 (max. 8388607)
 0 named destinations out of 1000 (max. 500000)
 26 words of extra memory for PDF output out of 10000 (max. 10000000)

